<?xml version="1.0" encoding="UTF-8"?>
<testsuite xmlns:xsi="http://www.w3.org/2001/XMLSchema-instance" xsi:noNamespaceSchemaLocation="https://maven.apache.org/surefire/maven-surefire-plugin/xsd/surefire-test-report-3.0.xsd" version="3.0" name="com.example.cardservice.application.domain.CardApplicationServiceTest" time="1.13" tests="7" errors="0" skipped="0" failures="0">
  <properties>
[...]
</properties>
  <testcase name="getCustomerApplications_shouldReturnEmptyList_whenCustomerHasNoApplications" classname="com.example.cardservice.application.domain.CardApplicationServiceTest" time="0.998">
    <system-err><![CDATA[WARNING: A Java agent has been loaded dynamically (C:\Users\alex\.m2\repository\net\bytebuddy\byte-buddy-agent\1.14.12\byte-buddy-agent-1.14.12.jar)
WARNING: If a serviceability tool is in use, please run with -XX:+EnableDynamicAgentLoading to hide this warning
WARNING: If a serviceability tool is not in use, please run with -Djdk.instrument.traceUsage for more information
WARNING: Dynamic loading of agents will be disallowed by default in a future release
]]></system-err>
  </testcase>
  <testcase name="createApplication_shouldGetCustomerAndDelegateToSelfProxy" classname="com.example.cardservice.application.domain.CardApplicationServiceTest" time="0.042"/>
  <testcase name="getApplication_shouldReturnApplication_whenApplicationExists" classname="com.example.cardservice.application.domain.CardApplicationServiceTest" time="0.032"/>
  <testcase name="createApplication_shouldPropagateException_whenCustomerProviderFails" classname="com.example.cardservice.application.domain.CardApplicationServiceTest" time="0.006"/>
  <testcase name="saveApplication_shouldSaveApplicationPublishEventAndReturnResponse" classname="com.example.cardservice.application.domain.CardApplicationServiceTest" time="0.018">
    <system-out><![CDATA[13:44:23 INFO  c.e.c.a.d.CardApplicationService - Заявление для пользователя с id 173a4c17-9d0f-40d5-a0e0-0d4570c7e63e зарегистрировано
]]></system-out>
  </testcase>
  <testcase name="getApplication_shouldThrowException_whenApplicationDoesNotExist" classname="com.example.cardservice.application.domain.CardApplicationServiceTest" time="0.004"/>
  <testcase name="getCustomerApplications_shouldReturnAllCustomerApplications" classname="com.example.cardservice.application.domain.CardApplicationServiceTest" time="0.004"/>
</testsuite>